<?xml version="1.0" encoding="UTF-8"?>
<!-- Generated by org.testng.reporters.JUnitReportReporter -->
<testsuite hostname="Sabbirs-MacBook-Air.local" failures="0" tests="1" name="SocialMedia.MiniSocialMedia.TwitterTest" time="5.458" errors="0" timestamp="2021-04-25T01:59:56 EDT" skipped="0">
  <testcase classname="SocialMedia.MiniSocialMedia.TwitterTest" name="Twitterlogin" time="5.458"/>
  <system-out/>
</testsuite> <!-- SocialMedia.MiniSocialMedia.TwitterTest -->
