<?xml version="1.0" encoding="UTF-8"?>
<!-- Generated by org.testng.reporters.JUnitReportReporter -->
<testsuite hostname="Sabbirs-MacBook-Air.local" failures="0" tests="1" name="SocialMedia.MiniSocialMedia.fbTest" time="9.268" errors="0" timestamp="2021-04-25T01:59:56 EDT" skipped="0">
  <testcase classname="SocialMedia.MiniSocialMedia.fbTest" name="facebookLogin" time="9.268"/>
  <system-out/>
</testsuite> <!-- SocialMedia.MiniSocialMedia.fbTest -->
